Start to open file
File size:  39995
Read index 0, 250 bytes
packet-written: bytes=338
Chunk 0 of size 250 sent
Read index 1, 250 bytes
packet-written: bytes=338
Chunk 1 of size 250 sent
Read index 2, 250 bytes
packet-written: bytes=338
Chunk 2 of size 250 sent
Read index 3, 250 bytes
packet-written: bytes=338
Chunk 3 of size 250 sent
Read index 4, 250 bytes
packet-written: bytes=338
Chunk 4 of size 250 sent
Read index 5, 250 bytes
packet-written: bytes=338
Chunk 5 of size 250 sent
Read index 6, 250 bytes
packet-written: bytes=338
Chunk 6 of size 250 sent
Read index 7, 250 bytes
packet-written: bytes=338
Chunk 7 of size 250 sent
Read index 8, 250 bytes
packet-written: bytes=338
Chunk 8 of size 250 sent
Read index 9, 250 bytes
packet-written: bytes=338
Chunk 9 of size 250 sent
Read index 10, 250 bytes
packet-written: bytes=339
Chunk 10 of size 250 sent
Read index 11, 250 bytes
packet-written: bytes=339
Chunk 11 of size 250 sent
Read index 12, 250 bytes
packet-written: bytes=339
Chunk 12 of size 250 sent
Read index 13, 250 bytes
packet-written: bytes=339
Chunk 13 of size 250 sent
Read index 14, 250 bytes
packet-written: bytes=339
Chunk 14 of size 250 sent
Read index 15, 250 bytes
packet-written: bytes=339
Chunk 15 of size 250 sent
Read index 16, 250 bytes
packet-written: bytes=339
Chunk 16 of size 250 sent
Read index 17, 250 bytes
packet-written: bytes=339
Chunk 17 of size 250 sent
Read index 18, 250 bytes
packet-written: bytes=339
Chunk 18 of size 250 sent
Read index 19, 250 bytes
packet-written: bytes=339
Chunk 19 of size 250 sent
Read index 20, 250 bytes
packet-written: bytes=339
Chunk 20 of size 250 sent
Read index 21, 250 bytes
packet-written: bytes=339
Chunk 21 of size 250 sent
Read index 22, 250 bytes
packet-written: bytes=339
Chunk 22 of size 250 sent
Read index 23, 250 bytes
packet-written: bytes=339
Chunk 23 of size 250 sent
Read index 24, 250 bytes
packet-written: bytes=339
Chunk 24 of size 250 sent
Read index 25, 250 bytes
packet-written: bytes=339
Chunk 25 of size 250 sent
Read index 26, 250 bytes
packet-written: bytes=339
Chunk 26 of size 250 sent
Read index 27, 250 bytes
packet-written: bytes=339
Chunk 27 of size 250 sent
Read index 28, 250 bytes
packet-written: bytes=339
Chunk 28 of size 250 sent
Read index 29, 250 bytes
packet-written: bytes=339
Chunk 29 of size 250 sent
Read index 30, 250 bytes
packet-written: bytes=339
Chunk 30 of size 250 sent
Read index 31, 250 bytes
packet-written: bytes=339
Chunk 31 of size 250 sent
Read index 32, 250 bytes
packet-written: bytes=339
Chunk 32 of size 250 sent
Read index 33, 250 bytes
packet-written: bytes=339
Chunk 33 of size 250 sent
Read index 34, 250 bytes
packet-written: bytes=339
Chunk 34 of size 250 sent
Read index 35, 250 bytes
packet-written: bytes=339
Chunk 35 of size 250 sent
Read index 36, 250 bytes
packet-written: bytes=339
Chunk 36 of size 250 sent
Read index 37, 250 bytes
packet-written: bytes=339
Chunk 37 of size 250 sent
Read index 38, 250 bytes
packet-written: bytes=339
Chunk 38 of size 250 sent
Read index 39, 250 bytes
packet-written: bytes=339
Chunk 39 of size 250 sent
Read index 40, 250 bytes
packet-written: bytes=339
Chunk 40 of size 250 sent
Read index 41, 250 bytes
packet-written: bytes=339
Chunk 41 of size 250 sent
Read index 42, 250 bytes
packet-written: bytes=339
Chunk 42 of size 250 sent
Read index 43, 250 bytes
packet-written: bytes=339
Chunk 43 of size 250 sent
Read index 44, 250 bytes
packet-written: bytes=339
Chunk 44 of size 250 sent
Read index 45, 250 bytes
packet-written: bytes=339
Chunk 45 of size 250 sent
Read index 46, 250 bytes
packet-written: bytes=339
Chunk 46 of size 250 sent
Read index 47, 250 bytes
packet-written: bytes=339
Chunk 47 of size 250 sent
Read index 48, 250 bytes
packet-written: bytes=339
Chunk 48 of size 250 sent
Read index 49, 250 bytes
packet-written: bytes=339
Chunk 49 of size 250 sent
Read index 50, 250 bytes
packet-written: bytes=339
Chunk 50 of size 250 sent
Read index 51, 250 bytes
packet-written: bytes=339
Chunk 51 of size 250 sent
Read index 52, 250 bytes
packet-written: bytes=339
Chunk 52 of size 250 sent
Read index 53, 250 bytes
packet-written: bytes=339
Chunk 53 of size 250 sent
Read index 54, 250 bytes
packet-written: bytes=339
Chunk 54 of size 250 sent
Read index 55, 250 bytes
packet-written: bytes=339
Chunk 55 of size 250 sent
Read index 56, 250 bytes
packet-written: bytes=339
Chunk 56 of size 250 sent
Read index 57, 250 bytes
packet-written: bytes=339
Chunk 57 of size 250 sent
Read index 58, 250 bytes
packet-written: bytes=339
Chunk 58 of size 250 sent
Read index 59, 250 bytes
packet-written: bytes=339
Chunk 59 of size 250 sent
Read index 60, 250 bytes
packet-written: bytes=339
Chunk 60 of size 250 sent
Read index 61, 250 bytes
packet-written: bytes=339
Chunk 61 of size 250 sent
Read index 62, 250 bytes
packet-written: bytes=339
Chunk 62 of size 250 sent
Read index 63, 250 bytes
packet-written: bytes=339
Chunk 63 of size 250 sent
Read index 64, 250 bytes
packet-written: bytes=339
Chunk 64 of size 250 sent
Read index 65, 250 bytes
packet-written: bytes=339
Chunk 65 of size 250 sent
Read index 66, 250 bytes
packet-written: bytes=339
Chunk 66 of size 250 sent
Read index 67, 250 bytes
packet-written: bytes=339
Chunk 67 of size 250 sent
Read index 68, 250 bytes
packet-written: bytes=339
Chunk 68 of size 250 sent
Read index 69, 250 bytes
packet-written: bytes=339
Chunk 69 of size 250 sent
Read index 70, 250 bytes
packet-written: bytes=339
Chunk 70 of size 250 sent
Read index 71, 250 bytes
packet-written: bytes=339
Chunk 71 of size 250 sent
Read index 72, 250 bytes
packet-written: bytes=339
Chunk 72 of size 250 sent
Read index 73, 250 bytes
packet-written: bytes=339
Chunk 73 of size 250 sent
Read index 74, 250 bytes
packet-written: bytes=339
Chunk 74 of size 250 sent
Read index 75, 250 bytes
packet-written: bytes=339
Chunk 75 of size 250 sent
Read index 76, 250 bytes
packet-written: bytes=339
Chunk 76 of size 250 sent
Read index 77, 250 bytes
packet-written: bytes=339
Chunk 77 of size 250 sent
Read index 78, 250 bytes
packet-written: bytes=339
Chunk 78 of size 250 sent
Read index 79, 250 bytes
packet-written: bytes=339
Chunk 79 of size 250 sent
Read index 80, 250 bytes
packet-written: bytes=339
Chunk 80 of size 250 sent
Read index 81, 250 bytes
packet-written: bytes=339
Chunk 81 of size 250 sent
Read index 82, 250 bytes
packet-written: bytes=339
Chunk 82 of size 250 sent
Read index 83, 250 bytes
packet-written: bytes=339
Chunk 83 of size 250 sent
Read index 84, 250 bytes
packet-written: bytes=339
Chunk 84 of size 250 sent
Read index 85, 250 bytes
packet-written: bytes=339
Chunk 85 of size 250 sent
Read index 86, 250 bytes
packet-written: bytes=339
Chunk 86 of size 250 sent
Read index 87, 250 bytes
packet-written: bytes=339
Chunk 87 of size 250 sent
Read index 88, 250 bytes
packet-written: bytes=339
Chunk 88 of size 250 sent
Read index 89, 250 bytes
packet-written: bytes=339
Chunk 89 of size 250 sent
Read index 90, 250 bytes
packet-written: bytes=339
Chunk 90 of size 250 sent
Read index 91, 250 bytes
packet-written: bytes=339
Chunk 91 of size 250 sent
Read index 92, 250 bytes
packet-written: bytes=339
Chunk 92 of size 250 sent
Read index 93, 250 bytes
packet-written: bytes=339
Chunk 93 of size 250 sent
Read index 94, 250 bytes
packet-written: bytes=339
Chunk 94 of size 250 sent
Read index 95, 250 bytes
packet-written: bytes=339
Chunk 95 of size 250 sent
Read index 96, 250 bytes
packet-written: bytes=339
Chunk 96 of size 250 sent
Read index 97, 250 bytes
packet-written: bytes=339
Chunk 97 of size 250 sent
Read index 98, 250 bytes
packet-written: bytes=339
Chunk 98 of size 250 sent
Read index 99, 250 bytes
packet-written: bytes=339
Chunk 99 of size 250 sent
Read index 100, 250 bytes
packet-written: bytes=340
Chunk 100 of size 250 sent
Read index 101, 250 bytes
packet-written: bytes=340
Chunk 101 of size 250 sent
Read index 102, 250 bytes
packet-written: bytes=340
Chunk 102 of size 250 sent
Read index 103, 250 bytes
packet-written: bytes=340
Chunk 103 of size 250 sent
Read index 104, 250 bytes
packet-written: bytes=340
Chunk 104 of size 250 sent
Read index 105, 250 bytes
packet-written: bytes=340
Chunk 105 of size 250 sent
Read index 106, 250 bytes
packet-written: bytes=340
Chunk 106 of size 250 sent
Read index 107, 250 bytes
packet-written: bytes=340
Chunk 107 of size 250 sent
Read index 108, 250 bytes
packet-written: bytes=340
Chunk 108 of size 250 sent
Read index 109, 250 bytes
packet-written: bytes=340
Chunk 109 of size 250 sent
Read index 110, 250 bytes
packet-written: bytes=340
Chunk 110 of size 250 sent
Read index 111, 250 bytes
packet-written: bytes=340
Chunk 111 of size 250 sent
Read index 112, 250 bytes
packet-written: bytes=340
Chunk 112 of size 250 sent
Read index 113, 250 bytes
packet-written: bytes=340
Chunk 113 of size 250 sent
Read index 114, 250 bytes
packet-written: bytes=340
Chunk 114 of size 250 sent
Read index 115, 250 bytes
packet-written: bytes=340
Chunk 115 of size 250 sent
Read index 116, 250 bytes
packet-written: bytes=340
Chunk 116 of size 250 sent
Read index 117, 250 bytes
packet-written: bytes=340
Chunk 117 of size 250 sent
Read index 118, 250 bytes
packet-written: bytes=340
Chunk 118 of size 250 sent
Read index 119, 250 bytes
packet-written: bytes=340
Chunk 119 of size 250 sent
Read index 120, 250 bytes
packet-written: bytes=340
Chunk 120 of size 250 sent
Read index 121, 250 bytes
packet-written: bytes=340
Chunk 121 of size 250 sent
Read index 122, 250 bytes
packet-written: bytes=340
Chunk 122 of size 250 sent
Read index 123, 250 bytes
packet-written: bytes=340
Chunk 123 of size 250 sent
Read index 124, 250 bytes
packet-written: bytes=340
Chunk 124 of size 250 sent
Read index 125, 250 bytes
packet-written: bytes=340
Chunk 125 of size 250 sent
Read index 126, 250 bytes
packet-written: bytes=340
Chunk 126 of size 250 sent
Read index 127, 250 bytes
packet-written: bytes=340
Chunk 127 of size 250 sent
Read index 128, 250 bytes
packet-written: bytes=340
Chunk 128 of size 250 sent
Read index 129, 250 bytes
packet-written: bytes=340
Chunk 129 of size 250 sent
Read index 130, 250 bytes
packet-written: bytes=340
Chunk 130 of size 250 sent
Read index 131, 250 bytes
packet-written: bytes=340
Chunk 131 of size 250 sent
Read index 132, 250 bytes
packet-written: bytes=340
Chunk 132 of size 250 sent
Read index 133, 250 bytes
packet-written: bytes=340
Chunk 133 of size 250 sent
Read index 134, 250 bytes
packet-written: bytes=340
Chunk 134 of size 250 sent
Read index 135, 250 bytes
packet-written: bytes=340
Chunk 135 of size 250 sent
Read index 136, 250 bytes
packet-written: bytes=340
Chunk 136 of size 250 sent
Read index 137, 250 bytes
packet-written: bytes=340
Chunk 137 of size 250 sent
Read index 138, 250 bytes
packet-written: bytes=340
Chunk 138 of size 250 sent
Read index 139, 250 bytes
packet-written: bytes=340
Chunk 139 of size 250 sent
Read index 140, 250 bytes
packet-written: bytes=340
Chunk 140 of size 250 sent
Read index 141, 250 bytes
packet-written: bytes=340
Chunk 141 of size 250 sent
Read index 142, 250 bytes
packet-written: bytes=340
Chunk 142 of size 250 sent
Read index 143, 250 bytes
packet-written: bytes=340
Chunk 143 of size 250 sent
Read index 144, 250 bytes
packet-written: bytes=340
Chunk 144 of size 250 sent
Read index 145, 250 bytes
packet-written: bytes=340
Chunk 145 of size 250 sent
Read index 146, 250 bytes
packet-written: bytes=340
Chunk 146 of size 250 sent
Read index 147, 250 bytes
packet-written: bytes=340
Chunk 147 of size 250 sent
Read index 148, 250 bytes
packet-written: bytes=340
Chunk 148 of size 250 sent
Read index 149, 250 bytes
packet-written: bytes=340
Chunk 149 of size 250 sent
Read index 150, 250 bytes
packet-written: bytes=340
Chunk 150 of size 250 sent
Read index 151, 250 bytes
packet-written: bytes=340
Chunk 151 of size 250 sent
Read index 152, 250 bytes
packet-written: bytes=340
Chunk 152 of size 250 sent
Read index 153, 250 bytes
packet-written: bytes=340
Chunk 153 of size 250 sent
Read index 154, 250 bytes
packet-written: bytes=340
Chunk 154 of size 250 sent
Read index 155, 250 bytes
packet-written: bytes=340
Chunk 155 of size 250 sent
Read index 156, 250 bytes
packet-written: bytes=340
Chunk 156 of size 250 sent
Read index 157, 250 bytes
packet-written: bytes=340
Chunk 157 of size 250 sent
Read index 158, 250 bytes
packet-written: bytes=340
Chunk 158 of size 250 sent
Read index 159, 245 bytes
EOF
packet-written: bytes=332
feedbackWorker cancelled
full cycle done cancelled
Finished. cost  197.124649ms
readAndEmitWorker cancelled
